c:\users\skai\documents\github\new folder\r6-recoil\cheat-menu\debug\vc143.pdb
c:\users\skai\documents\github\new folder\r6-recoil\cheat-menu\debug\vc143.idb
c:\users\skai\documents\github\new folder\r6-recoil\cheat-menu\debug\imgui_widgets.obj
c:\users\skai\documents\github\new folder\r6-recoil\cheat-menu\debug\imgui_tables.obj
c:\users\skai\documents\github\new folder\r6-recoil\cheat-menu\debug\imgui_impl_win32.obj
c:\users\skai\documents\github\new folder\r6-recoil\cheat-menu\debug\imgui_impl_dx9.obj
c:\users\skai\documents\github\new folder\r6-recoil\cheat-menu\debug\imgui_draw.obj
c:\users\skai\documents\github\new folder\r6-recoil\cheat-menu\debug\imgui_demo.obj
c:\users\skai\documents\github\new folder\r6-recoil\cheat-menu\debug\imgui.obj
c:\users\skai\documents\github\new folder\r6-recoil\cheat-menu\debug\recoil.obj
c:\users\skai\documents\github\new folder\r6-recoil\cheat-menu\debug\main.obj
c:\users\skai\documents\github\new folder\r6-recoil\cheat-menu\debug\gui.obj
c:\users\skai\documents\github\new folder\r6-recoil\debug\cheat-menu.exe
c:\users\skai\documents\github\new folder\r6-recoil\debug\cheat-menu.pdb
c:\users\skai\documents\github\new folder\r6-recoil\cheat-menu\debug\cheat-menu.ilk
c:\users\skai\documents\github\new folder\r6-recoil\cheat-menu\debug\cheat-menu.tlog\cl.command.1.tlog
c:\users\skai\documents\github\new folder\r6-recoil\cheat-menu\debug\cheat-menu.tlog\cl.items.tlog
c:\users\skai\documents\github\new folder\r6-recoil\cheat-menu\debug\cheat-menu.tlog\cl.read.1.tlog
c:\users\skai\documents\github\new folder\r6-recoil\cheat-menu\debug\cheat-menu.tlog\cl.write.1.tlog
c:\users\skai\documents\github\new folder\r6-recoil\cheat-menu\debug\cheat-menu.tlog\link.command.1.tlog
c:\users\skai\documents\github\new folder\r6-recoil\cheat-menu\debug\cheat-menu.tlog\link.read.1.tlog
c:\users\skai\documents\github\new folder\r6-recoil\cheat-menu\debug\cheat-menu.tlog\link.secondary.1.tlog
c:\users\skai\documents\github\new folder\r6-recoil\cheat-menu\debug\cheat-menu.tlog\link.write.1.tlog
